#
# There is insufficient memory for the Java Runtime Environment to continue.
# Native memory allocation (mmap) failed to map 134217728 bytes for G1 virtual space
# Possible reasons:
#   The system is out of physical RAM or swap space
#   The process is running with CompressedOops enabled, and the Java Heap may be blocking the growth of the native heap
# Possible solutions:
#   Reduce memory load on the system
#   Increase physical memory or swap space
#   Check if swap backing store is full
#   Decrease Java heap size (-Xmx/-Xms)
#   Decrease number of Java threads
#   Decrease Java thread stack sizes (-Xss)
#   Set larger code cache with -XX:ReservedCodeCacheSize=
#   JVM is running with Unscaled Compressed Oops mode in which the Java heap is
#     placed in the first 4GB address space. The Java Heap base address is the
#     maximum limit for the native heap growth. Please use -XX:HeapBaseMinAddress
#     to set the Java Heap base and to place the Java Heap above 4GB virtual address.
# This output file may be truncated or incomplete.
#
#  Out of Memory Error (./open/src/hotspot/os/windows/os_windows.cpp:3472), pid=15276, tid=14992
#
# JRE version:  (15.0.1+9) (build )
# Java VM: Java HotSpot(TM) 64-Bit Server VM (15.0.1+9-18, mixed mode, sharing, tiered, compressed oops, g1 gc, windows-amd64)
# No core dump will be written. Minidumps are not enabled by default on client versions of Windows
#

---------------  S U M M A R Y ------------

Command Line: client/client 9999

Host: Intel(R) Core(TM) i5-6200U CPU @ 2.30GHz, 4 cores, 7G,  Windows 10 , 64 bit Build 18362 (10.0.18362.1082)
Time: Mon Feb  1 10:11:02 2021 India Standard Time elapsed time: 0.111014 seconds (0d 0h 0m 0s)

---------------  T H R E A D  ---------------

Current thread (0x00000226526f0ac0):  JavaThread "Unknown thread" [_thread_in_vm, id=14992, stack(0x000000711c800000,0x000000711c900000)]

Stack: [0x000000711c800000,0x000000711c900000]
Native frames: (J=compiled Java code, j=interpreted, Vv=VM code, C=native code)
V  [jvm.dll+0x62ae9a]
V  [jvm.dll+0x781389]
V  [jvm.dll+0x782ae3]
V  [jvm.dll+0x783143]
V  [jvm.dll+0x216265]
V  [jvm.dll+0x6281d9]
V  [jvm.dll+0x61cd15]
V  [jvm.dll+0x2d01fd]
V  [jvm.dll+0x2d0062]
V  [jvm.dll+0x2d603c]
V  [jvm.dll+0x325b2a]
V  [jvm.dll+0x3251f4]
V  [jvm.dll+0x2a717a]
V  [jvm.dll+0x2a8318]
V  [jvm.dll+0x75e101]
V  [jvm.dll+0x3343e4]
V  [jvm.dll+0x73e826]
V  [jvm.dll+0x3b7777]
V  [jvm.dll+0x3b9201]
C  [jli.dll+0x52fb]
C  [ucrtbase.dll+0x20e82]
C  [KERNEL32.DLL+0x17bd4]
C  [ntdll.dll+0x6ce51]


---------------  P R O C E S S  ---------------

Threads class SMR info:
_java_thread_list=0x00007ffd82f04ff0, length=0, elements={
}

Java Threads: ( => current thread )

Other Threads:
  0x0000022652730d80 GCTaskThread "GC Thread#0" [stack: 0x000000711c900000,0x000000711ca00000] [id=24044]
  0x0000022652742d20 ConcurrentGCThread "G1 Main Marker" [stack: 0x000000711ca00000,0x000000711cb00000] [id=14564]
  0x0000022652744130 ConcurrentGCThread "G1 Conc#0" [stack: 0x000000711cb00000,0x000000711cc00000] [id=16932]

[error occurred during error reporting (printing all threads), id 0xc0000005, EXCEPTION_ACCESS_VIOLATION (0xc0000005) at pc=0x00007ffd826f8047]

VM state: not at safepoint (not fully initialized)

VM Mutex/Monitor currently owned by a thread:  ([mutex/lock_event])
[0x00000226526ed460] Heap_lock - owner thread: 0x00000226526f0ac0

Heap address: 0x0000000081a00000, size: 2022 MB, Compressed Oops mode: 32-bit
CDS archive(s) mapped at: [0x0000000000000000-0x0000000000000000-0x0000000000000000), size 0, SharedBaseAddress: 0x0000000800000000, ArchiveRelocationMode: 0.
Narrow klass base: 0x0000000000000000, Narrow klass shift: 0, Narrow klass range: 0x0

Heap:
 garbage-first heap   total 131072K, used 0K [0x0000000081a00000, 0x0000000100000000)
  region size 1024K, 0 young (0K), 0 survivors (0K)
 Metaspace       used 0K, capacity 0K, committed 0K, reserved 0K
  class space    used 0K, capacity 0K, committed 0K, reserved 0K

Heap Regions: E=young(eden), S=young(survivor), O=old, HS=humongous(starts), HC=humongous(continues), CS=collection set, F=free, OA=open archive, CA=closed archive, TAMS=top-at-mark-start (previous, next)

Card table byte_map: [0x0000022669d20000,0x000002266a120000] _byte_map_base: 0x0000022669913000

Marking Bits (Prev, Next): (CMBitMap*) 0x0000022652732600, (CMBitMap*) 0x0000022652732640
 Prev Bits: [0x000002266a520000, 0x000002266c4b8000)
 Next Bits: [0x000002266c4c0000, 0x000002266e458000)

GC Heap History (0 events):
No events

Deoptimization events (0 events):
No events

Classes unloaded (0 events):
No events

Classes redefined (0 events):
No events

Internal exceptions (0 events):
No events

Events (1 events):
Event: 0.028 Loaded shared library C:\Program Files\Java\jdk-15.0.1\bin\java.dll


Dynamic libraries:
0x00007ff65a8b0000 - 0x00007ff65a8bf000 	C:\Program Files\Java\jdk-15.0.1\bin\java.exe
0x00007ffdc7860000 - 0x00007ffdc7a50000 	C:\WINDOWS\SYSTEM32\ntdll.dll
0x00007ffdc6320000 - 0x00007ffdc63d2000 	C:\WINDOWS\System32\KERNEL32.DLL
0x00007ffdc4940000 - 0x00007ffdc4be5000 	C:\WINDOWS\System32\KERNELBASE.dll
0x00007ffdc56c0000 - 0x00007ffdc57ba000 	C:\WINDOWS\System32\ucrtbase.dll
0x00007ffdb0240000 - 0x00007ffdb0259000 	C:\Program Files\Java\jdk-15.0.1\bin\VCRUNTIME140.dll
0x00007ffdb0c10000 - 0x00007ffdb0c28000 	C:\Program Files\Java\jdk-15.0.1\bin\jli.dll
0x00007ffdc5cc0000 - 0x00007ffdc5d63000 	C:\WINDOWS\System32\ADVAPI32.dll
0x00007ffdc7500000 - 0x00007ffdc759e000 	C:\WINDOWS\System32\msvcrt.dll
0x00007ffdc63e0000 - 0x00007ffdc6477000 	C:\WINDOWS\System32\sechost.dll
0x00007ffdc5fa0000 - 0x00007ffdc60c0000 	C:\WINDOWS\System32\RPCRT4.dll
0x00007ffdc6120000 - 0x00007ffdc62b5000 	C:\WINDOWS\System32\USER32.dll
0x00007ffdc47f0000 - 0x00007ffdc4811000 	C:\WINDOWS\System32\win32u.dll
0x00007ffdb6020000 - 0x00007ffdb62a4000 	C:\WINDOWS\WinSxS\amd64_microsoft.windows.common-controls_6595b64144ccf1df_6.0.18362.1082_none_9e8193e1e45b25c1\COMCTL32.dll
0x00007ffdc5d70000 - 0x00007ffdc5d96000 	C:\WINDOWS\System32\GDI32.dll
0x00007ffdc6480000 - 0x00007ffdc67b5000 	C:\WINDOWS\System32\combase.dll
0x00007ffdc53a0000 - 0x00007ffdc5536000 	C:\WINDOWS\System32\gdi32full.dll
0x00007ffdc5640000 - 0x00007ffdc56c0000 	C:\WINDOWS\System32\bcryptPrimitives.dll
0x00007ffdc48a0000 - 0x00007ffdc493e000 	C:\WINDOWS\System32\msvcp_win.dll
0x00007ffdbf640000 - 0x00007ffdbf64a000 	C:\WINDOWS\SYSTEM32\VERSION.dll
0x00007ffdc5dc0000 - 0x00007ffdc5dee000 	C:\WINDOWS\System32\IMM32.DLL
0x00007ffdbd0c0000 - 0x00007ffdbd0cc000 	C:\Program Files\Java\jdk-15.0.1\bin\vcruntime140_1.dll
0x00007ffd99150000 - 0x00007ffd991e1000 	C:\Program Files\Java\jdk-15.0.1\bin\msvcp140.dll
0x00007ffd82440000 - 0x00007ffd82f9e000 	C:\Program Files\Java\jdk-15.0.1\bin\server\jvm.dll
0x00007ffdc5db0000 - 0x00007ffdc5db8000 	C:\WINDOWS\System32\PSAPI.DLL
0x00007ffdc1890000 - 0x00007ffdc18b4000 	C:\WINDOWS\SYSTEM32\WINMM.dll
0x00007ffdc1860000 - 0x00007ffdc188d000 	C:\WINDOWS\SYSTEM32\winmmbase.dll
0x00007ffdc5540000 - 0x00007ffdc558a000 	C:\WINDOWS\System32\cfgmgr32.dll
0x00007ffdc31d0000 - 0x00007ffdc31d9000 	C:\WINDOWS\SYSTEM32\WSOCK32.dll
0x0000022651e50000 - 0x0000022651ebf000 	C:\WINDOWS\System32\ws2_32.DLL
0x00007ffdc4780000 - 0x00007ffdc4791000 	C:\WINDOWS\System32\kernel.appcore.dll
0x00007ffdb4be0000 - 0x00007ffdb4bea000 	C:\Program Files\Java\jdk-15.0.1\bin\jimage.dll
0x00007ffdc2fd0000 - 0x00007ffdc31c4000 	C:\WINDOWS\SYSTEM32\DBGHELP.DLL
0x00007ffdaba00000 - 0x00007ffdaba2a000 	C:\WINDOWS\SYSTEM32\dbgcore.DLL
0x00007ffdb0af0000 - 0x00007ffdb0b15000 	C:\Program Files\Java\jdk-15.0.1\bin\java.dll

dbghelp: loaded successfully - version: 4.0.5 - missing functions: none
symbol engine: initialized successfully - sym options: 0x614 - pdb path: .;C:\Program Files\Java\jdk-15.0.1\bin;C:\WINDOWS\SYSTEM32;C:\WINDOWS\WinSxS\amd64_microsoft.windows.common-controls_6595b64144ccf1df_6.0.18362.1082_none_9e8193e1e45b25c1;C:\Program Files\Java\jdk-15.0.1\bin\server

VM Arguments:
java_command: client/client 9999
java_class_path (initial): .
Launcher Type: SUN_STANDARD

[Global flags]
     intx CICompilerCount                          = 3                                         {product} {ergonomic}
     uint ConcGCThreads                            = 1                                         {product} {ergonomic}
     uint G1ConcRefinementThreads                  = 4                                         {product} {ergonomic}
   size_t G1HeapRegionSize                         = 1048576                                   {product} {ergonomic}
    uintx GCDrainStackTargetSize                   = 64                                        {product} {ergonomic}
   size_t InitialHeapSize                          = 134217728                                 {product} {ergonomic}
   size_t MarkStackSize                            = 4194304                                   {product} {ergonomic}
   size_t MaxHeapSize                              = 2120220672                                {product} {ergonomic}
   size_t MinHeapDeltaBytes                        = 1048576                                   {product} {ergonomic}
   size_t MinHeapSize                              = 8388608                                   {product} {ergonomic}
    uintx NonNMethodCodeHeapSize                   = 5832780                                {pd product} {ergonomic}
    uintx NonProfiledCodeHeapSize                  = 122912730                              {pd product} {ergonomic}
    uintx ProfiledCodeHeapSize                     = 122912730                              {pd product} {ergonomic}
    uintx ReservedCodeCacheSize                    = 251658240                              {pd product} {ergonomic}
     bool SegmentedCodeCache                       = true                                      {product} {ergonomic}
   size_t SoftMaxHeapSize                          = 2120220672                             {manageable} {ergonomic}
     bool UseCompressedClassPointers               = true                                 {lp64_product} {ergonomic}
     bool UseCompressedOops                        = true                                 {lp64_product} {ergonomic}
     bool UseG1GC                                  = true                                      {product} {ergonomic}
     bool UseLargePagesIndividualAllocation        = false                                  {pd product} {ergonomic}

Logging:
Log output configuration:
 #0: stdout all=warning uptime,level,tags
 #1: stderr all=off uptime,level,tags

Environment Variables:
JAVA_HOME=C:\Program Files\Java\jdk-15.0.1\bin\
PATH=R:\apache-cassandra-3.11.9\bin;C:\Users\Rutwik\AndroidStudioProjects\Git\cmd;C:\Program Files\Java\jdk-15.0.1\bin;C:\Program Files\Java\jdk-15.0.1\bin
USERNAME=Rutwik
OS=Windows_NT
PROCESSOR_IDENTIFIER=Intel64 Family 6 Model 78 Stepping 3, GenuineIntel



---------------  S Y S T E M  ---------------

OS:
 Windows 10 , 64 bit Build 18362 (10.0.18362.1082)
OS uptime: 13 days 11:20 hours

CPU: total 4 (initial active 4) (2 cores per cpu, 2 threads per core) family 6 model 78 stepping 3 microcode 0xcc, cmov, cx8, fxsr, mmx, sse, sse2, sse3, ssse3, sse4.1, sse4.2, popcnt, vzeroupper, avx, avx2, aes, clmul, erms, 3dnowpref, lzcnt, ht, tsc, tscinvbit, bmi1, bmi2, adx, fma, clflush, clflushopt

Memory: 4k page, system-wide physical 8082M (1805M free)
TotalPageFile size 12178M (AvailPageFile size 9M)
current process WorkingSet (physical memory assigned to process): 10M, peak: 10M
current process commit charge ("private bytes"): 52M, peak: 179M

vm_info: Java HotSpot(TM) 64-Bit Server VM (15.0.1+9-18) for windows-amd64 JRE (15.0.1+9-18), built on Sep 15 2020 14:43:54 by "mach5one" with unknown MS VC++:1925

END.
